<?xml version="1.0" encoding="UTF-8"?>
<testsuite xmlns:xsi="http://www.w3.org/2001/XMLSchema-instance" xsi:noNamespaceSchemaLocation="https://maven.apache.org/surefire/maven-surefire-plugin/xsd/surefire-test-report-3.0.xsd" version="3.0" name="com.demo.quick.test.EmployeeTest" time="0.669" tests="1" errors="0" skipped="0" failures="0">
  <properties>
    <property name="java.specification.version" value="17"/>
    <property name="sun.cpu.isalist" value="amd64"/>
    <property name="sun.jnu.encoding" value="GBK"/>
    <property name="java.class.path" value="E:\java\ideaProject\ssm_start\part03-mybatis\mybatis01-quick\target\test-classes;E:\java\ideaProject\ssm_start\part03-mybatis\mybatis01-quick\target\classes;E:\mavenRepository\org\mybatis\mybatis\3.5.15\mybatis-3.5.15.jar;E:\mavenRepository\com\mysql\mysql-connector-j\8.0.33\mysql-connector-j-8.0.33.jar;E:\mavenRepository\com\google\protobuf\protobuf-java\3.21.9\protobuf-java-3.21.9.jar;E:\mavenRepository\org\projectlombok\lombok\1.18.30\lombok-1.18.30.jar;E:\mavenRepository\org\junit\jupiter\junit-jupiter-api\5.10.2\junit-jupiter-api-5.10.2.jar;E:\mavenRepository\org\opentest4j\opentest4j\1.3.0\opentest4j-1.3.0.jar;E:\mavenRepository\org\junit\platform\junit-platform-commons\1.10.2\junit-platform-commons-1.10.2.jar;E:\mavenRepository\org\apiguardian\apiguardian-api\1.1.2\apiguardian-api-1.1.2.jar;"/>
    <property name="java.vm.vendor" value="Oracle Corporation"/>
    <property name="sun.arch.data.model" value="64"/>
    <property name="user.variant" value=""/>
    <property name="java.vendor.url" value="https://java.oracle.com/"/>
    <property name="user.timezone" value="Asia/Shanghai"/>
    <property name="os.name" value="Windows 10"/>
    <property name="java.vm.specification.version" value="17"/>
    <property name="sun.java.launcher" value="SUN_STANDARD"/>
    <property name="user.country" value="CN"/>
    <property name="sun.boot.library.path" value="E:\java\Tool\jdk-17\bin"/>
    <property name="sun.java.command" value="C:\Users\wangxing\AppData\Local\Temp\surefire7517283187252312613\surefirebooter-20240409042543508_3.jar C:\Users\wangxing\AppData\Local\Temp\surefire7517283187252312613 2024-04-09T04-25-40_345-jvmRun1 surefire-20240409042543508_1tmp surefire_0-20240409042543508_2tmp"/>
    <property name="jdk.debug" value="release"/>
    <property name="surefire.test.class.path" value="E:\java\ideaProject\ssm_start\part03-mybatis\mybatis01-quick\target\test-classes;E:\java\ideaProject\ssm_start\part03-mybatis\mybatis01-quick\target\classes;E:\mavenRepository\org\mybatis\mybatis\3.5.15\mybatis-3.5.15.jar;E:\mavenRepository\com\mysql\mysql-connector-j\8.0.33\mysql-connector-j-8.0.33.jar;E:\mavenRepository\com\google\protobuf\protobuf-java\3.21.9\protobuf-java-3.21.9.jar;E:\mavenRepository\org\projectlombok\lombok\1.18.30\lombok-1.18.30.jar;E:\mavenRepository\org\junit\jupiter\junit-jupiter-api\5.10.2\junit-jupiter-api-5.10.2.jar;E:\mavenRepository\org\opentest4j\opentest4j\1.3.0\opentest4j-1.3.0.jar;E:\mavenRepository\org\junit\platform\junit-platform-commons\1.10.2\junit-platform-commons-1.10.2.jar;E:\mavenRepository\org\apiguardian\apiguardian-api\1.1.2\apiguardian-api-1.1.2.jar;"/>
    <property name="sun.cpu.endian" value="little"/>
    <property name="user.home" value="C:\Users\wangxing"/>
    <property name="user.language" value="zh"/>
    <property name="java.specification.vendor" value="Oracle Corporation"/>
    <property name="java.version.date" value="2024-01-16"/>
    <property name="java.home" value="E:\java\Tool\jdk-17"/>
    <property name="file.separator" value="\"/>
    <property name="basedir" value="E:\java\ideaProject\ssm_start\part03-mybatis\mybatis01-quick"/>
    <property name="java.vm.compressedOopsMode" value="Zero based"/>
    <property name="line.separator" value="&#10;"/>
    <property name="java.vm.specification.vendor" value="Oracle Corporation"/>
    <property name="java.specification.name" value="Java Platform API Specification"/>
    <property name="surefire.real.class.path" value="C:\Users\wangxing\AppData\Local\Temp\surefire7517283187252312613\surefirebooter-20240409042543508_3.jar"/>
    <property name="user.script" value=""/>
    <property name="sun.management.compiler" value="HotSpot 64-Bit Tiered Compilers"/>
    <property name="java.runtime.version" value="17.0.10+11-LTS-240"/>
    <property name="user.name" value="wangxing"/>
    <property name="path.separator" value=";"/>
    <property name="os.version" value="10.0"/>
    <property name="java.runtime.name" value="Java(TM) SE Runtime Environment"/>
    <property name="file.encoding" value="GBK"/>
    <property name="java.vm.name" value="Java HotSpot(TM) 64-Bit Server VM"/>
    <property name="localRepository" value="E:\mavenRepository"/>
    <property name="java.vendor.url.bug" value="https://bugreport.java.com/bugreport/"/>
    <property name="java.io.tmpdir" value="C:\Users\wangxing\AppData\Local\Temp\"/>
    <property name="idea.version" value="2024.1"/>
    <property name="java.version" value="17.0.10"/>
    <property name="user.dir" value="E:\java\ideaProject\ssm_start\part03-mybatis\mybatis01-quick"/>
    <property name="os.arch" value="amd64"/>
    <property name="java.vm.specification.name" value="Java Virtual Machine Specification"/>
    <property name="sun.os.patch.level" value=""/>
    <property name="native.encoding" value="GBK"/>
    <property name="java.library.path" value="E:\java\Tool\jdk-17\bin;C:\WINDOWS\Sun\Java\bin;C:\WINDOWS\system32;C:\WINDOWS;C:\Program Files\Common Files\Oracle\Java\javapath;E:\oracle\product\11.2.0\client_1\bin;E:\oracle\product\11.2.0\dbhome_1\bin;E:\java\Tool\jdk-1.8\bin;E:\java\Tool\jdk-1.8\jre\bin;E:\java\Tool\apache-maven-3.9.5\bin;C:\Program Files (x86)\Common Files\Oracle\Java\javapath;C:\WINDOWS\system32;C:\WINDOWS;C:\WINDOWS\System32\Wbem;C:\WINDOWS\System32\WindowsPowerShell\v1.0\;C:\WINDOWS\System32\OpenSSH\;C:\Program Files (x86)\NVIDIA Corporation\PhysX\Common;C:\Program Files\NVIDIA Corporation\NVIDIA NvDLISR;C:\Program Files\dotnet\;C:\Program Files\MySQL\MySQL Shell 8.0\bin\;C:\Users\wangxing\AppData\Local\Microsoft\WindowsApps;;."/>
    <property name="java.vm.info" value="mixed mode, sharing"/>
    <property name="java.vendor" value="Oracle Corporation"/>
    <property name="java.vm.version" value="17.0.10+11-LTS-240"/>
    <property name="sun.io.unicode.encoding" value="UnicodeLittle"/>
    <property name="maven.repo.local" value="E:\mavenRepository"/>
    <property name="java.class.version" value="61.0"/>
  </properties>
  <testcase name="test" classname="com.demo.quick.test.EmployeeTest" time="0.639">
    <system-out><![CDATA[Employee(empId=1, empName=张三, empSalary=3000.11, empGender=男)
Employee(empId=2, empName=李四, empSalary=4000.22, empGender=男)
Employee(empId=3, empName=王五, empSalary=3500.33, empGender=女)
]]></system-out>
  </testcase>
</testsuite>